at 2018-05-20 00:18:04
准备cookie中……
{'Hm_lvt_375aa6d601368176e50751c1c6bf0e82': '1495876976', 'Hm_lpvt_375aa6d601368176e50751c1c6bf0e82': '1526746684', 'sessionid': 'bo8x9rupjckoaxjk20igguxxxxxxxxxx', 'csrftoken': 'LOYvRkFdyosLgGXdabsETfwPp6XKpMEpzGIWd0ELByicRows4oqEnAxxxxxxxxxx'}
签到中……
<Response [200]>

at 2018-05-20 00:18:57
准备cookie中……
{'Hm_lvt_375aa6d601368176e50751c1c6bf0e82': '1495876976', 'Hm_lpvt_375aa6d601368176e50751c1c6bf0e82': '1526746737', 'sessionid': 'bo8x9rupjckoaxjk20igguxxxxxxxxxx', 'csrftoken': 'LOYvRkFdyosLgGXdabsETfwPp6XKpMEpzGIWd0ELByicRows4oqEnAxxxxxxxxxx'}
签到中……
<Response [200]>

at 2018-05-20 00:23:27
准备cookie中……
at 2018-05-20 00:26:33
准备cookie中……
{'csrftoken': 'GCLexjJYTgoeu3qMWLHaL7dcRJmn1LGZwjtZfatakmAXGgI3V9Ks5jK3WqPiLK7j', 'sessionid': '3rq599rcwmq6tjm7zqkmzytgyc7u9sls'}
签到中……
<Response [200]>

at 2018-05-20 00:27:31
准备cookie中……
{'csrftoken': 'GCLexjJYTgoeu3qMWLHaL7dcRJmn1LGZwjtZfatakmAXGgI3V9Ks5jK3WqPiLK7j', 'sessionid': '3rq599rcwmq6tjm7zqkmzytgyc7u9sls'}
签到中……
<Response [404]>

at 2018-05-20 00:28:30
准备cookie中……
{'csrftoken': 'GCLexjJYTgoeu3qMWLHaL7dcRJmn1LGZwjtZfatakmAXGgI3V9Ks5jK3WqPiLK7j', 'sessionid': '3rq599rcwmq6tjm7zqkmzytgyc7u9sls'}
签到中……
<Response [200]>

at 2018-05-20 00:28:45
准备cookie中……
{'csrftoken': 'GCLexjJYTgoeu3qMWLHaL7dcRJmn1LGZwjtZfatakmAXGgI3V9Ks5jK3WqPiLK7j', 'sessionid': '3rq599rcwmq6tjm7zqkmzytgyc7u9sls'}
签到中……
<Response [200]>

at 2018-05-23 11:53:24
准备cookie中……
{'csrftoken': 'n2wCKJ9PQcbCGZP3YvjpDsOvAFd9Hq8fYqhEwXuEa3uUSFuGQv0P9VrN9Y6xavyt', 'sessionid': 'bxdtykmwuwk5jmy14y1ar6tmgi7fq5aa'}
签到中……
<Response [200]>

